2023-01-26 15:50:54,216 :INFO :******* Test_001_Login ********
2023-01-26 15:50:54,216 :INFO :******* Verify Home Page Title ********
2023-01-26 15:50:57,870 :INFO :******* Home Page Title Passed ********
2023-01-26 15:50:59,915 :INFO :******* Login Test Started ********
2023-01-26 15:50:59,916 :INFO :******* Verify Login Test ********
2023-01-26 15:51:12,423 :INFO :******* Login Test Passed ********
2023-01-26 16:46:25,774 :INFO :******* Test_001_Login ********
2023-01-26 16:46:25,775 :INFO :******* Verify Home Page Title ********
2023-01-26 17:13:54,800 :INFO :******* Test_001_Login ********
2023-01-26 17:13:54,801 :INFO :******* Verify Home Page Title ********
2023-01-26 17:13:58,626 :INFO :******* Home Page Title Passed ********
2023-01-26 17:14:00,498 :INFO :******* Login Test Started ********
2023-01-26 17:14:00,499 :INFO :******* Verify Login Test ********
2023-01-26 17:14:12,821 :INFO :******* Lsd ********
2023-01-26 17:16:18,576 :INFO :******* Test_001_Login ********
2023-01-26 17:16:18,577 :INFO :******* Verify Home Page Title ********
2023-01-26 17:16:22,808 :ERROR :******* Home Page Title Failed ******
2023-01-26 17:16:25,251 :INFO :******* Login Test Started ********
2023-01-26 17:16:25,251 :INFO :******* Verify Login Test ********
2023-01-26 17:16:37,418 :INFO :******* Login Test Passed ********
2023-01-26 17:30:29,334 :INFO :******* Test_001_Login ********
2023-01-26 17:30:29,334 :INFO :******* Verify Home Page Title ********
2023-01-26 17:30:32,708 :INFO :******* Home Page Title Passed ********
2023-01-26 17:30:34,409 :INFO :******* Login Test Started ********
2023-01-26 17:30:34,409 :INFO :******* Verify Login Test ********
2023-01-26 17:30:46,331 :INFO :******* Login Test Passed ********
2023-01-26 17:33:13,123 :INFO :******* Test_001_Login ********
2023-01-26 17:33:13,124 :INFO :******* Verify Home Page Title ********
2023-01-26 17:33:16,817 :INFO :******* Home Page Title Passed ********
2023-01-26 17:33:18,460 :INFO :******* Login Test Started ********
2023-01-26 17:33:18,460 :INFO :******* Verify Login Test ********
2023-01-26 17:33:30,517 :INFO :******* Login Test Passed ********
2023-01-27 12:34:36,704 :INFO :********* Test_002_UploadDocument **********
2023-01-27 12:34:46,743 :INFO :******** Login Successful *******
2023-01-27 12:34:46,743 :INFO :******* Start Upload Document Test ***********
2023-01-27 12:35:18,637 :INFO :********* Test_002_UploadDocument **********
2023-01-27 12:35:28,582 :INFO :******** Login Successful *******
2023-01-27 12:35:28,582 :INFO :******* Start Upload Document Test ***********
2023-01-27 12:36:19,694 :INFO :********* Test_002_UploadDocument **********
2023-01-27 12:36:29,740 :INFO :******** Login Successful *******
2023-01-27 12:36:29,740 :INFO :******* Start Upload Document Test ***********
2023-01-27 12:36:31,861 :INFO :******* Providing Document Information  ***********
2023-01-27 12:37:10,316 :INFO :********* Test_002_UploadDocument **********
2023-01-27 12:37:20,213 :INFO :******** Login Successful *******
2023-01-27 12:37:20,213 :INFO :******* Start Upload Document Test ***********
2023-01-27 12:37:22,331 :INFO :******* Providing Document Information  ***********
2023-01-27 12:40:37,044 :INFO :********* Test_002_UploadDocument **********
2023-01-27 12:40:47,407 :INFO :******** Login Successful *******
2023-01-27 12:40:47,407 :INFO :******* Start Upload Document Test ***********
2023-01-27 12:40:49,535 :INFO :******* Providing Document Information  ***********
2023-01-27 12:42:31,904 :INFO :********* Test_002_UploadDocument **********
2023-01-27 12:42:41,883 :INFO :******** Login Successful *******
2023-01-27 12:42:41,883 :INFO :******* Start Upload Document Test ***********
2023-01-27 12:42:43,997 :INFO :******* Providing Document Information  ***********
2023-01-27 13:52:10,835 :INFO :********* Test_002_UploadDocument **********
2023-01-27 13:52:20,915 :INFO :******** Login Successful *******
2023-01-27 13:52:20,915 :INFO :******* Start Upload Document Test ***********
2023-01-27 13:52:23,035 :INFO :******* Providing Document Information  ***********
2023-01-27 13:52:42,510 :INFO :******* Saving Document Information  ***********
2023-01-27 15:05:06,851 :INFO :********* Test_002_UploadDocument **********
2023-01-27 15:05:17,225 :INFO :******** Login Successful *******
2023-01-27 15:05:17,225 :INFO :******* Start Upload Document Test ***********
2023-01-27 15:05:19,340 :INFO :******* Providing Document Information  ***********
2023-01-27 15:05:38,808 :INFO :******* Saving Document Information  ***********
2023-01-31 10:57:35,995 :INFO :******* SearchKeyword By Keyword********
2023-01-31 13:19:38,626 :INFO :******* SearchKeyword By Keyword********
2023-01-31 13:19:44,686 :INFO :******** Login Succesful ******
2023-01-31 13:19:44,686 :INFO :***** Starting Search Keyword ********
2023-01-31 13:21:58,328 :INFO :******* SearchKeyword By Keyword********
2023-01-31 13:22:04,377 :INFO :******** Login Succesful ******
2023-01-31 13:22:04,377 :INFO :***** Starting Search Keyword ********
2023-01-31 16:50:57,308 :INFO :******* SearchKeyword By Keyword********
2023-01-31 16:51:03,676 :INFO :******** Login Succesful ******
2023-01-31 16:51:03,676 :INFO :***** Starting Search Keyword ********
2023-01-31 18:09:07,177 :INFO :******* SearchKeyword By Keyword********
2023-01-31 18:09:13,033 :INFO :******** Login Succesful ******
2023-01-31 18:09:13,033 :INFO :***** Searching Keyword By KeywordID *******
2023-01-31 18:10:37,938 :INFO :******* SearchKeyword By Keyword********
2023-01-31 18:10:43,768 :INFO :******** Login Succesful ******
2023-01-31 18:10:43,768 :INFO :***** Searching Keyword By KeywordID *******
2023-01-31 18:17:49,504 :INFO :******* SearchKeyword By Keyword********
2023-01-31 18:17:55,788 :INFO :******** Login Succesful ******
2023-01-31 18:17:55,788 :INFO :***** Searching Keyword By KeywordID *******
2023-01-31 18:18:25,724 :INFO :******* SearchKeyword By Keyword********
2023-01-31 18:18:31,806 :INFO :******** Login Succesful ******
2023-01-31 18:18:31,806 :INFO :***** Searching Keyword By KeywordID *******
2023-02-01 12:17:50,362 :INFO :********* Test_002_UploadDocument **********
2023-02-01 12:17:50,362 :INFO :********* Test_002_UploadDocument **********
2023-02-01 12:17:50,362 :INFO :********* Test_002_UploadDocument **********
2023-02-01 12:18:00,271 :INFO :******** Login Successful *******
2023-02-01 12:18:00,271 :INFO :******** Login Successful *******
2023-02-01 12:18:00,271 :INFO :******** Login Successful *******
2023-02-01 12:18:00,271 :INFO :******* Start Upload Document Test ***********
2023-02-01 12:18:00,271 :INFO :******* Start Upload Document Test ***********
2023-02-01 12:18:00,271 :INFO :******* Start Upload Document Test ***********
2023-02-01 12:18:02,393 :INFO :******* Providing Document Information  ***********
2023-02-01 12:18:02,393 :INFO :******* Providing Document Information  ***********
2023-02-01 12:18:02,393 :INFO :******* Providing Document Information  ***********
2023-02-01 12:18:21,894 :INFO :******* Saving Document Information  ***********
2023-02-01 12:18:21,894 :INFO :******* Saving Document Information  ***********
2023-02-01 12:18:21,894 :INFO :******* Saving Document Information  ***********
2023-02-01 12:18:23,488 :INFO :******* Test_001_Login ********
2023-02-01 12:18:23,488 :INFO :******* Test_001_Login ********
2023-02-01 12:18:23,488 :INFO :******* Test_001_Login ********
2023-02-01 12:18:23,488 :INFO :******* Verify Home Page Title ********
2023-02-01 12:18:23,488 :INFO :******* Verify Home Page Title ********
2023-02-01 12:18:23,488 :INFO :******* Verify Home Page Title ********
2023-02-01 12:18:28,750 :INFO :******* Home Page Title Passed ********
2023-02-01 12:18:28,750 :INFO :******* Home Page Title Passed ********
2023-02-01 12:18:28,750 :INFO :******* Home Page Title Passed ********
2023-02-01 12:18:30,306 :INFO :******* Login Test Started ********
2023-02-01 12:18:30,306 :INFO :******* Login Test Started ********
2023-02-01 12:18:30,306 :INFO :******* Login Test Started ********
2023-02-01 12:18:30,307 :INFO :******* Verify Login Test ********
2023-02-01 12:18:30,307 :INFO :******* Verify Login Test ********
2023-02-01 12:18:30,307 :INFO :******* Verify Login Test ********
2023-02-01 12:18:42,290 :INFO :******* Login Test Passed ********
2023-02-01 12:18:42,290 :INFO :******* Login Test Passed ********
2023-02-01 12:18:42,290 :INFO :******* Login Test Passed ********
2023-02-01 12:18:43,799 :INFO :******* SearchKeyword By Keyword********
2023-02-01 12:18:43,799 :INFO :******* SearchKeyword By Keyword********
2023-02-01 12:18:43,799 :INFO :******* SearchKeyword By Keyword********
2023-02-01 12:18:49,629 :INFO :******** Login Succesful ******
2023-02-01 12:18:49,629 :INFO :******** Login Succesful ******
2023-02-01 12:18:49,629 :INFO :******** Login Succesful ******
2023-02-01 12:18:49,629 :INFO :***** Searching Keyword By KeywordID *******
2023-02-01 12:18:49,629 :INFO :***** Searching Keyword By KeywordID *******
2023-02-01 12:18:49,629 :INFO :***** Searching Keyword By KeywordID *******
2023-02-01 12:19:30,079 :INFO :******* SearchKeyword By Keyword********
2023-02-01 12:19:36,478 :INFO :******** Login Succesful ******
2023-02-01 12:19:36,478 :INFO :***** Searching Keyword By KeywordID *******
2023-02-01 12:21:47,255 :INFO :******* SearchKeyword By Keyword********
2023-02-01 12:21:53,819 :INFO :******** Login Succesful ******
2023-02-01 12:21:53,819 :INFO :***** Searching Keyword By KeywordID *******
2023-02-01 12:23:17,218 :INFO :******* SearchKeyword By Keyword********
2023-02-01 12:23:23,717 :INFO :******** Login Succesful ******
2023-02-01 12:23:23,717 :INFO :***** Searching Keyword By KeywordID *******
2023-02-01 12:24:41,843 :INFO :******* SearchKeyword By Keyword********
2023-02-01 12:24:48,084 :INFO :******** Login Succesful ******
2023-02-01 12:24:48,084 :INFO :***** Searching Keyword By KeywordID *******
2023-02-01 12:30:03,051 :INFO :******* SearchKeyword By Keyword********
2023-02-01 12:30:09,649 :INFO :******** Login Succesful ******
2023-02-01 12:30:09,649 :INFO :***** Searching Keyword By KeywordID *******
2023-02-01 12:32:32,509 :INFO :******* SearchKeyword By Keyword********
2023-02-01 12:32:38,326 :INFO :******** Login Succesful ******
2023-02-01 12:32:38,326 :INFO :***** Searching Keyword By KeywordID *******
2023-02-01 12:34:26,711 :INFO :******* SearchKeyword By Keyword********
2023-02-01 12:34:34,980 :INFO :******** Login Succesful ******
2023-02-01 12:34:34,981 :INFO :***** Searching Keyword By KeywordID *******
2023-02-01 12:36:48,554 :INFO :******* SearchKeyword By Keyword********
2023-02-01 12:36:57,213 :INFO :******** Login Succesful ******
2023-02-01 12:36:57,213 :INFO :***** Searching Keyword By KeywordID *******
2023-02-01 12:38:05,809 :INFO :******* SearchKeyword By Keyword********
2023-02-01 12:38:14,579 :INFO :******** Login Succesful ******
2023-02-01 12:38:14,579 :INFO :***** Searching Keyword By KeywordID *******
2023-02-01 12:40:30,751 :INFO :******* SearchKeyword By Keyword********
2023-02-01 12:40:38,898 :INFO :******** Login Succesful ******
2023-02-01 12:40:38,898 :INFO :***** Searching Keyword By KeywordID *******
2023-02-01 12:40:46,245 :INFO :***** TC_SearchKeyword_003 Finished *******
2023-02-01 12:42:20,202 :INFO :******* SearchKeyword By Keyword********
2023-02-01 12:42:28,702 :INFO :******** Login Succesful ******
2023-02-01 12:42:28,702 :INFO :***** Searching Keyword By KeywordID *******
2023-02-01 12:42:41,566 :INFO :***** TC_SearchKeyword_003 Finished *******
2023-02-01 12:45:16,843 :INFO :******* SearchKeyword By Keyword********
2023-02-01 12:45:24,736 :INFO :******** Login Succesful ******
2023-02-01 12:45:24,736 :INFO :***** Searching Keyword By KeywordID *******
2023-02-01 12:45:35,351 :INFO :***** TC_SearchKeyword_003 Finished *******
2023-02-01 12:46:39,056 :INFO :******* SearchKeyword By Keyword********
2023-02-01 12:47:24,928 :INFO :******** Login Succesful ******
2023-02-01 12:47:24,928 :INFO :***** Searching Keyword By KeywordID *******
2023-02-01 12:47:34,856 :INFO :***** TC_SearchKeyword_003 Finished *******
2023-02-01 12:54:28,695 :INFO :********* Test_002_UploadDocument **********
2023-02-01 12:54:38,586 :INFO :******** Login Successful *******
2023-02-01 12:54:38,586 :INFO :******* Start Upload Document Test ***********
2023-02-01 12:54:40,694 :INFO :******* Providing Document Information  ***********
2023-02-01 12:55:20,619 :INFO :******* Saving Document Information  ***********
2023-02-01 14:54:14,292 :INFO :******* SearchKeyword By Keyword********
2023-02-01 14:54:38,203 :INFO :******** Login Succesful ******
2023-02-01 14:54:38,204 :INFO :***** Searching Keyword By KeywordID *******
2023-02-01 14:54:53,779 :INFO :***** TC_SearchKeyword_003 Finished *******
2023-02-01 15:02:39,496 :INFO :******* SearchKeyword By Keyword********
2023-02-01 15:03:20,832 :INFO :******** Login Succesful ******
2023-02-01 15:03:20,833 :INFO :***** Searching Keyword By KeywordID *******
2023-02-01 15:03:34,446 :INFO :***** TC_SearchKeyword_003 Finished *******
2023-02-01 15:03:42,615 :INFO :********* Test_002_UploadDocument **********
2023-02-01 15:04:07,818 :INFO :******** Login Successful *******
2023-02-01 15:04:07,819 :INFO :******* Start Upload Document Test ***********
2023-02-01 15:04:09,973 :INFO :******* Providing Document Information  ***********
2023-02-01 15:04:52,467 :INFO :******* Saving Document Information  ***********
2023-02-06 17:37:53,358 :INFO :********* Test_002_UploadDocument **********
2023-02-06 17:38:15,851 :INFO :******** Login Successful *******
2023-02-06 17:38:15,851 :INFO :******* Start Upload Document Test ***********
2023-02-06 17:38:18,003 :INFO :******* Providing Document Information  ***********
2023-02-06 17:39:01,631 :INFO :******* Saving Document Information  ***********
2023-02-06 17:39:39,571 :INFO :******* SearchKeyword By Keyword********
2023-02-06 17:40:03,771 :INFO :******** Login Succesful ******
2023-02-06 17:40:03,772 :INFO :***** Searching Keyword By KeywordID *******
2023-02-06 17:40:16,393 :INFO :******* SearchKeyword By Keyword********
2023-02-06 17:40:34,321 :INFO :******** Login Succesful ******
2023-02-06 17:40:34,321 :INFO :***** Searching Keyword By KeywordID *******
2023-02-06 17:40:47,401 :INFO :***** TC_SearchKeyword_003 Finished *******
